"Task Aware Debugger for GDB" version 24.12.0 (202407110909)
Copyright 2016-2023 NXP
==================================
21:57:46.860 INFO: [ZephyrRTOS] .config file could not be read [C:\Users\Kelvi\Documents\MCUXpressoIDE_24.12.148\workspace\Lab 2\Debug\.config (The system cannot find the file specified)]
21:57:46.860 INFO: [TadModel] DSF session ID 14 has started.
21:57:55.194 INFO: [TadState] TAD state changed: DEBUG_STARTED -> DEBUG_INIT_0 (SUSPENDED, USER_REQUEST)
21:57:57.198 INFO: [TadState] TAD state changed: DEBUG_INIT_0 -> DEBUG_INIT_1 (RESUMED, USER_REQUEST)
21:57:57.235 INFO: [TadState] TAD state changed: DEBUG_INIT_1 -> DEBUG_SUSPENDED (SUSPENDED, BREAKPOINT)
21:57:57.236 INFO: [TadState] TAD state changed: DEBUG_SUSPENDED -> DEBUG_RESUMED (RESUMED, USER_REQUEST)
21:57:57.246 INFO: [TadState] TAD state changed: DEBUG_RESUMED -> READY (SUSPENDED, SIGNAL)
21:58:00.196 INFO: [TadState] TAD state changed: READY -> DEBUG_RESUMED (RESUMED, STEP)
21:58:00.283 INFO: [TadState] TAD state changed: DEBUG_RESUMED -> READY (SUSPENDED, STEP)
21:58:01.454 INFO: [TadState] TAD state changed: READY -> DEBUG_RESUMED (RESUMED, STEP)
21:58:01.737 INFO: [TadState] TAD state changed: DEBUG_RESUMED -> READY (SUSPENDED, STEP)
21:58:02.37 INFO: [TadState] TAD state changed: READY -> DEBUG_RESUMED (RESUMED, STEP)
21:58:02.330 INFO: [TadState] TAD state changed: DEBUG_RESUMED -> READY (SUSPENDED, STEP)
21:58:02.778 INFO: [TadState] TAD state changed: READY -> DEBUG_RESUMED (RESUMED, STEP)
21:58:03.71 INFO: [TadState] TAD state changed: DEBUG_RESUMED -> READY (SUSPENDED, STEP)
21:58:03.126 INFO: [TadState] TAD state changed: READY -> DEBUG_RESUMED (RESUMED, STEP)
21:58:03.402 INFO: [TadState] TAD state changed: DEBUG_RESUMED -> READY (SUSPENDED, STEP)
21:58:03.442 INFO: [TadState] TAD state changed: READY -> DEBUG_RESUMED (RESUMED, STEP)
21:58:03.735 INFO: [TadState] TAD state changed: DEBUG_RESUMED -> READY (SUSPENDED, STEP)
21:58:04.294 INFO: [TadState] TAD state changed: READY -> DEBUG_RESUMED (RESUMED, STEP)
21:58:04.480 INFO: [TadState] TAD state changed: DEBUG_RESUMED -> READY (SUSPENDED, STEP)
21:58:05.195 INFO: [TadState] TAD state changed: READY -> DEBUG_RESUMED (RESUMED, STEP)
21:58:05.381 INFO: [TadState] TAD state changed: DEBUG_RESUMED -> READY (SUSPENDED, STEP)
21:58:06.36 INFO: [TadState] TAD state changed: READY -> DEBUG_RESUMED (RESUMED, STEP)
21:58:06.214 INFO: [TadState] TAD state changed: DEBUG_RESUMED -> READY (SUSPENDED, STEP)
21:58:07.60 INFO: [TadState] TAD state changed: READY -> DEBUG_RESUMED (RESUMED, STEP)
21:58:07.308 INFO: [TadState] TAD state changed: DEBUG_RESUMED -> READY (SUSPENDED, STEP)
21:58:07.754 INFO: [TadState] TAD state changed: READY -> DEBUG_RESUMED (RESUMED, STEP)
21:58:07.904 INFO: [TadState] TAD state changed: DEBUG_RESUMED -> READY (SUSPENDED, STEP)
21:58:08.482 INFO: [TadState] TAD state changed: READY -> DEBUG_RESUMED (RESUMED, STEP)
21:58:08.708 INFO: [TadState] TAD state changed: DEBUG_RESUMED -> READY (SUSPENDED, STEP)
21:58:11.202 INFO: [TadState] TAD state changed: READY -> DEBUG_RESUMED (RESUMED, STEP)
21:58:11.509 INFO: [TadState] TAD state changed: DEBUG_RESUMED -> READY (SUSPENDED, STEP)
21:58:13.926 INFO: [TadState] TAD state changed: READY -> DEBUG_RESUMED (RESUMED, STEP)
21:58:14.28 INFO: [TadState] TAD state changed: DEBUG_RESUMED -> READY (SUSPENDED, STEP)
21:58:15.905 INFO: [TadState] TAD state changed: READY -> DEBUG_RESUMED (RESUMED, STEP)
21:58:15.992 INFO: [TadState] TAD state changed: DEBUG_RESUMED -> READY (SUSPENDED, BREAKPOINT)
21:58:18.871 INFO: [TadState] TAD state changed: READY -> DEBUG_RESUMED (RESUMED, STEP)
21:58:28.263 INFO: [TadState] TAD state changed: DEBUG_RESUMED -> READY (SUSPENDED, SIGNAL)
21:58:30.332 INFO: [TadModel] DSF session ID 14 has ended.
