"Task Aware Debugger for GDB" version 24.12.0 (202407110909)
Copyright 2016-2023 NXP
==================================
01:14:14.936 INFO: [TadModel] DSF session ID 1 has started.
01:14:22.107 INFO: [TadState] TAD state changed: DEBUG_STARTED -> DEBUG_INIT_0 (SUSPENDED, USER_REQUEST)
01:14:24.165 INFO: [TadState] TAD state changed: DEBUG_INIT_0 -> DEBUG_INIT_1 (RESUMED, USER_REQUEST)
01:14:24.205 INFO: [TadState] TAD state changed: DEBUG_INIT_1 -> DEBUG_SUSPENDED (SUSPENDED, BREAKPOINT)
01:14:24.207 INFO: [TadState] TAD state changed: DEBUG_SUSPENDED -> DEBUG_RESUMED (RESUMED, USER_REQUEST)
01:14:24.221 INFO: [TadState] TAD state changed: DEBUG_RESUMED -> READY (SUSPENDED, SIGNAL)
01:14:25.759 INFO: [TadState] TAD state changed: READY -> DEBUG_RESUMED (RESUMED, STEP)
01:14:25.839 INFO: [TadState] TAD state changed: DEBUG_RESUMED -> READY (SUSPENDED, STEP)
01:14:26.266 INFO: [TadState] TAD state changed: READY -> DEBUG_RESUMED (RESUMED, STEP)
01:14:26.534 INFO: [TadState] TAD state changed: DEBUG_RESUMED -> READY (SUSPENDED, STEP)
01:14:27.760 INFO: [TadState] TAD state changed: READY -> DEBUG_RESUMED (RESUMED, STEP)
01:14:27.954 INFO: [TadState] TAD state changed: DEBUG_RESUMED -> READY (SUSPENDED, STEP)
01:14:28.486 INFO: [TadState] TAD state changed: READY -> DEBUG_RESUMED (RESUMED, STEP)
01:14:28.647 INFO: [TadState] TAD state changed: DEBUG_RESUMED -> READY (SUSPENDED, STEP)
01:14:28.943 INFO: [TadState] TAD state changed: READY -> DEBUG_RESUMED (RESUMED, STEP)
01:14:29.270 INFO: [TadState] TAD state changed: DEBUG_RESUMED -> READY (SUSPENDED, STEP)
01:14:29.399 INFO: [TadState] TAD state changed: READY -> DEBUG_RESUMED (RESUMED, STEP)
01:14:29.592 INFO: [TadState] TAD state changed: DEBUG_RESUMED -> READY (SUSPENDED, STEP)
01:14:29.691 INFO: [TadState] TAD state changed: READY -> DEBUG_RESUMED (RESUMED, STEP)
01:14:29.858 INFO: [TadState] TAD state changed: DEBUG_RESUMED -> READY (SUSPENDED, STEP)
01:14:30.47 INFO: [TadState] TAD state changed: READY -> DEBUG_RESUMED (RESUMED, STEP)
01:14:30.373 INFO: [TadState] TAD state changed: DEBUG_RESUMED -> READY (SUSPENDED, STEP)
01:14:30.490 INFO: [TadState] TAD state changed: READY -> DEBUG_RESUMED (RESUMED, STEP)
01:14:30.691 INFO: [TadState] TAD state changed: DEBUG_RESUMED -> READY (SUSPENDED, STEP)
01:14:30.838 INFO: [TadState] TAD state changed: READY -> DEBUG_RESUMED (RESUMED, STEP)
01:14:31.19 INFO: [TadState] TAD state changed: DEBUG_RESUMED -> READY (SUSPENDED, STEP)
01:14:31.185 INFO: [TadState] TAD state changed: READY -> DEBUG_RESUMED (RESUMED, STEP)
01:14:31.507 INFO: [TadState] TAD state changed: DEBUG_RESUMED -> READY (SUSPENDED, STEP)
01:14:31.643 INFO: [TadState] TAD state changed: READY -> DEBUG_RESUMED (RESUMED, STEP)
01:14:31.784 INFO: [TadState] TAD state changed: DEBUG_RESUMED -> READY (SUSPENDED, STEP)
01:14:31.912 INFO: [TadState] TAD state changed: READY -> DEBUG_RESUMED (RESUMED, STEP)
01:14:32.129 INFO: [TadState] TAD state changed: DEBUG_RESUMED -> READY (SUSPENDED, STEP)
01:14:32.226 INFO: [TadState] TAD state changed: READY -> DEBUG_RESUMED (RESUMED, STEP)
01:14:32.351 INFO: [TadState] TAD state changed: DEBUG_RESUMED -> READY (SUSPENDED, STEP)
01:14:32.432 INFO: [TadState] TAD state changed: READY -> DEBUG_RESUMED (RESUMED, STEP)
01:14:32.560 INFO: [TadState] TAD state changed: DEBUG_RESUMED -> READY (SUSPENDED, STEP)
01:14:32.702 INFO: [TadState] TAD state changed: READY -> DEBUG_RESUMED (RESUMED, STEP)
01:14:32.803 INFO: [TadState] TAD state changed: DEBUG_RESUMED -> READY (SUSPENDED, STEP)
01:14:32.938 INFO: [TadState] TAD state changed: READY -> DEBUG_RESUMED (RESUMED, STEP)
01:14:33.136 INFO: [TadState] TAD state changed: DEBUG_RESUMED -> READY (SUSPENDED, STEP)
01:14:33.239 INFO: [TadState] TAD state changed: READY -> DEBUG_RESUMED (RESUMED, STEP)
01:14:33.433 INFO: [TadState] TAD state changed: DEBUG_RESUMED -> READY (SUSPENDED, STEP)
01:14:33.537 INFO: [TadState] TAD state changed: READY -> DEBUG_RESUMED (RESUMED, STEP)
01:14:33.713 INFO: [TadState] TAD state changed: DEBUG_RESUMED -> READY (SUSPENDED, STEP)
01:14:33.839 INFO: [TadState] TAD state changed: READY -> DEBUG_RESUMED (RESUMED, STEP)
01:14:34.168 INFO: [TadState] TAD state changed: DEBUG_RESUMED -> READY (SUSPENDED, STEP)
01:14:34.282 INFO: [TadState] TAD state changed: READY -> DEBUG_RESUMED (RESUMED, STEP)
01:14:34.359 INFO: [TadState] TAD state changed: DEBUG_RESUMED -> READY (SUSPENDED, STEP)
01:14:34.424 INFO: [TadState] TAD state changed: READY -> DEBUG_RESUMED (RESUMED, STEP)
01:14:34.504 INFO: [TadState] TAD state changed: DEBUG_RESUMED -> READY (SUSPENDED, STEP)
01:14:35.935 INFO: [TadState] TAD state changed: READY -> DEBUG_RESUMED (RESUMED, STEP)
01:14:36.06 INFO: [TadState] TAD state changed: DEBUG_RESUMED -> READY (SUSPENDED, STEP)
01:14:36.566 INFO: [TadState] TAD state changed: READY -> DEBUG_RESUMED (RESUMED, STEP)
01:14:36.660 INFO: [TadState] TAD state changed: DEBUG_RESUMED -> READY (SUSPENDED, STEP)
01:14:37.548 INFO: [TadState] TAD state changed: READY -> DEBUG_RESUMED (RESUMED, STEP)
01:14:37.643 INFO: [TadState] TAD state changed: DEBUG_RESUMED -> READY (SUSPENDED, STEP)
01:14:39.632 INFO: [TadState] TAD state changed: READY -> DEBUG_RESUMED (RESUMED, STEP)
01:14:39.699 INFO: [TadState] TAD state changed: DEBUG_RESUMED -> READY (SUSPENDED, STEP)
01:14:40.73 INFO: [TadState] TAD state changed: READY -> DEBUG_RESUMED (RESUMED, STEP)
01:14:40.137 INFO: [TadState] TAD state changed: DEBUG_RESUMED -> READY (SUSPENDED, STEP)
01:14:40.659 INFO: [TadState] TAD state changed: READY -> DEBUG_RESUMED (RESUMED, STEP)
01:14:40.871 INFO: [TadState] TAD state changed: DEBUG_RESUMED -> READY (SUSPENDED, STEP)
01:14:41.50 INFO: [TadState] TAD state changed: READY -> DEBUG_RESUMED (RESUMED, STEP)
01:14:41.255 INFO: [TadState] TAD state changed: DEBUG_RESUMED -> READY (SUSPENDED, STEP)
01:14:41.636 INFO: [TadState] TAD state changed: READY -> DEBUG_RESUMED (RESUMED, STEP)
01:14:41.708 INFO: [TadState] TAD state changed: DEBUG_RESUMED -> READY (SUSPENDED, STEP)
01:14:44.101 INFO: [TadState] TAD state changed: READY -> DEBUG_RESUMED (RESUMED, STEP)
01:14:44.134 INFO: [TadState] TAD state changed: DEBUG_RESUMED -> READY (SUSPENDED, STEP)
01:14:44.924 INFO: [TadState] TAD state changed: READY -> DEBUG_RESUMED (RESUMED, STEP)
01:14:45.51 INFO: [TadState] TAD state changed: DEBUG_RESUMED -> READY (SUSPENDED, STEP)
01:14:53.205 INFO: [TadModel] DSF session ID 1 has ended.
