"Task Aware Debugger for GDB" version 24.12.0 (202407110909)
Copyright 2016-2023 NXP
==================================
01:14:14.937 INFO: [TadModel] DSF session ID 1 has started.
01:14:22.106 INFO: [TadState] TAD state changed: DEBUG_STARTED -> DEBUG_INIT_0 (SUSPENDED, USER_REQUEST)
01:14:24.164 INFO: [TadState] TAD state changed: DEBUG_INIT_0 -> DEBUG_INIT_1 (RESUMED, USER_REQUEST)
01:14:24.204 INFO: [TadState] TAD state changed: DEBUG_INIT_1 -> DEBUG_SUSPENDED (SUSPENDED, BREAKPOINT)
01:14:24.206 INFO: [TadState] TAD state changed: DEBUG_SUSPENDED -> DEBUG_RESUMED (RESUMED, USER_REQUEST)
01:14:24.220 INFO: [TadState] TAD state changed: DEBUG_RESUMED -> READY (SUSPENDED, SIGNAL)
01:14:25.758 INFO: [TadState] TAD state changed: READY -> DEBUG_RESUMED (RESUMED, STEP)
01:14:25.838 INFO: [TadState] TAD state changed: DEBUG_RESUMED -> READY (SUSPENDED, STEP)
01:14:26.265 INFO: [TadState] TAD state changed: READY -> DEBUG_RESUMED (RESUMED, STEP)
01:14:26.533 INFO: [TadState] TAD state changed: DEBUG_RESUMED -> READY (SUSPENDED, STEP)
01:14:27.759 INFO: [TadState] TAD state changed: READY -> DEBUG_RESUMED (RESUMED, STEP)
01:14:27.953 INFO: [TadState] TAD state changed: DEBUG_RESUMED -> READY (SUSPENDED, STEP)
01:14:28.485 INFO: [TadState] TAD state changed: READY -> DEBUG_RESUMED (RESUMED, STEP)
01:14:28.646 INFO: [TadState] TAD state changed: DEBUG_RESUMED -> READY (SUSPENDED, STEP)
01:14:28.942 INFO: [TadState] TAD state changed: READY -> DEBUG_RESUMED (RESUMED, STEP)
01:14:29.269 INFO: [TadState] TAD state changed: DEBUG_RESUMED -> READY (SUSPENDED, STEP)
01:14:29.398 INFO: [TadState] TAD state changed: READY -> DEBUG_RESUMED (RESUMED, STEP)
01:14:29.591 INFO: [TadState] TAD state changed: DEBUG_RESUMED -> READY (SUSPENDED, STEP)
01:14:29.690 INFO: [TadState] TAD state changed: READY -> DEBUG_RESUMED (RESUMED, STEP)
01:14:29.857 INFO: [TadState] TAD state changed: DEBUG_RESUMED -> READY (SUSPENDED, STEP)
01:14:30.46 INFO: [TadState] TAD state changed: READY -> DEBUG_RESUMED (RESUMED, STEP)
01:14:30.372 INFO: [TadState] TAD state changed: DEBUG_RESUMED -> READY (SUSPENDED, STEP)
01:14:30.489 INFO: [TadState] TAD state changed: READY -> DEBUG_RESUMED (RESUMED, STEP)
01:14:30.690 INFO: [TadState] TAD state changed: DEBUG_RESUMED -> READY (SUSPENDED, STEP)
01:14:30.837 INFO: [TadState] TAD state changed: READY -> DEBUG_RESUMED (RESUMED, STEP)
01:14:31.18 INFO: [TadState] TAD state changed: DEBUG_RESUMED -> READY (SUSPENDED, STEP)
01:14:31.184 INFO: [TadState] TAD state changed: READY -> DEBUG_RESUMED (RESUMED, STEP)
01:14:31.505 INFO: [TadState] TAD state changed: DEBUG_RESUMED -> READY (SUSPENDED, STEP)
01:14:31.642 INFO: [TadState] TAD state changed: READY -> DEBUG_RESUMED (RESUMED, STEP)
01:14:31.782 INFO: [TadState] TAD state changed: DEBUG_RESUMED -> READY (SUSPENDED, STEP)
01:14:31.911 INFO: [TadState] TAD state changed: READY -> DEBUG_RESUMED (RESUMED, STEP)
01:14:32.128 INFO: [TadState] TAD state changed: DEBUG_RESUMED -> READY (SUSPENDED, STEP)
01:14:32.225 INFO: [TadState] TAD state changed: READY -> DEBUG_RESUMED (RESUMED, STEP)
01:14:32.350 INFO: [TadState] TAD state changed: DEBUG_RESUMED -> READY (SUSPENDED, STEP)
01:14:32.431 INFO: [TadState] TAD state changed: READY -> DEBUG_RESUMED (RESUMED, STEP)
01:14:32.558 INFO: [TadState] TAD state changed: DEBUG_RESUMED -> READY (SUSPENDED, STEP)
01:14:32.702 INFO: [TadState] TAD state changed: READY -> DEBUG_RESUMED (RESUMED, STEP)
01:14:32.802 INFO: [TadState] TAD state changed: DEBUG_RESUMED -> READY (SUSPENDED, STEP)
01:14:32.938 INFO: [TadState] TAD state changed: READY -> DEBUG_RESUMED (RESUMED, STEP)
01:14:33.127 INFO: [TadState] TAD state changed: DEBUG_RESUMED -> READY (SUSPENDED, STEP)
01:14:33.238 INFO: [TadState] TAD state changed: READY -> DEBUG_RESUMED (RESUMED, STEP)
01:14:33.432 INFO: [TadState] TAD state changed: DEBUG_RESUMED -> READY (SUSPENDED, STEP)
01:14:33.537 INFO: [TadState] TAD state changed: READY -> DEBUG_RESUMED (RESUMED, STEP)
01:14:33.711 INFO: [TadState] TAD state changed: DEBUG_RESUMED -> READY (SUSPENDED, STEP)
01:14:33.839 INFO: [TadState] TAD state changed: READY -> DEBUG_RESUMED (RESUMED, STEP)
01:14:34.167 INFO: [TadState] TAD state changed: DEBUG_RESUMED -> READY (SUSPENDED, STEP)
01:14:34.281 INFO: [TadState] TAD state changed: READY -> DEBUG_RESUMED (RESUMED, STEP)
01:14:34.357 INFO: [TadState] TAD state changed: DEBUG_RESUMED -> READY (SUSPENDED, STEP)
01:14:34.424 INFO: [TadState] TAD state changed: READY -> DEBUG_RESUMED (RESUMED, STEP)
01:14:34.501 INFO: [TadState] TAD state changed: DEBUG_RESUMED -> READY (SUSPENDED, STEP)
01:14:35.934 INFO: [TadState] TAD state changed: READY -> DEBUG_RESUMED (RESUMED, STEP)
01:14:36.06 INFO: [TadState] TAD state changed: DEBUG_RESUMED -> READY (SUSPENDED, STEP)
01:14:36.565 INFO: [TadState] TAD state changed: READY -> DEBUG_RESUMED (RESUMED, STEP)
01:14:36.658 INFO: [TadState] TAD state changed: DEBUG_RESUMED -> READY (SUSPENDED, STEP)
01:14:37.547 INFO: [TadState] TAD state changed: READY -> DEBUG_RESUMED (RESUMED, STEP)
01:14:37.643 INFO: [TadState] TAD state changed: DEBUG_RESUMED -> READY (SUSPENDED, STEP)
01:14:39.632 INFO: [TadState] TAD state changed: READY -> DEBUG_RESUMED (RESUMED, STEP)
01:14:39.699 INFO: [TadState] TAD state changed: DEBUG_RESUMED -> READY (SUSPENDED, STEP)
01:14:40.73 INFO: [TadState] TAD state changed: READY -> DEBUG_RESUMED (RESUMED, STEP)
01:14:40.136 INFO: [TadState] TAD state changed: DEBUG_RESUMED -> READY (SUSPENDED, STEP)
01:14:40.658 INFO: [TadState] TAD state changed: READY -> DEBUG_RESUMED (RESUMED, STEP)
01:14:40.871 INFO: [TadState] TAD state changed: DEBUG_RESUMED -> READY (SUSPENDED, STEP)
01:14:41.49 INFO: [TadState] TAD state changed: READY -> DEBUG_RESUMED (RESUMED, STEP)
01:14:41.255 INFO: [TadState] TAD state changed: DEBUG_RESUMED -> READY (SUSPENDED, STEP)
01:14:41.635 INFO: [TadState] TAD state changed: READY -> DEBUG_RESUMED (RESUMED, STEP)
01:14:41.707 INFO: [TadState] TAD state changed: DEBUG_RESUMED -> READY (SUSPENDED, STEP)
01:14:44.101 INFO: [TadState] TAD state changed: READY -> DEBUG_RESUMED (RESUMED, STEP)
01:14:44.134 INFO: [TadState] TAD state changed: DEBUG_RESUMED -> READY (SUSPENDED, STEP)
01:14:44.924 INFO: [TadState] TAD state changed: READY -> DEBUG_RESUMED (RESUMED, STEP)
01:14:45.50 INFO: [TadState] TAD state changed: DEBUG_RESUMED -> READY (SUSPENDED, STEP)
01:14:53.208 INFO: [TadModel] DSF session ID 1 has ended.
